<?xml version="1.0" encoding="UTF-8"?>
<!-- Generated by org.testng.reporters.JUnitXMLReporter -->
<testsuite ignored="0" hostname="DESKTOP-O29OAAI" failures="1" tests="3" name="firefoxTest" time="32.732" errors="0" timestamp="2024-10-14T19:11:06 IST">
  <testcase classname="ParametrizationInTestNG.ParamTestingConcept" name="logoTest" time="1.208">
    <failure type="java.lang.AssertionError" message="expected [true] but found [false]">
      <![CDATA[java.lang.AssertionError: expected [true] but found [false]
at ParametrizationInTestNG.ParamTestingConcept.logoTest(ParamTestingConcept.java:38)
at java.base/java.util.ArrayList.forEach(ArrayList.java:1511)
at java.base/java.util.concurrent.FutureTask.run(FutureTask.java:264)
at java.base/java.util.concurrent.ThreadPoolExecutor.runWorker(ThreadPoolExecutor.java:1136)
at java.base/java.util.concurrent.ThreadPoolExecutor$Worker.run(ThreadPoolExecutor.java:635)
at java.base/java.lang.Thread.run(Thread.java:840)
... Removed 22 stack frames]]>
    </failure>
  </testcase> <!-- logoTest -->
  <testcase classname="ParametrizationInTestNG.ParamTestingConcept" name="titleTest" time="0.059"/>
  <testcase classname="ParametrizationInTestNG.ParamTestingConcept" name="urlTest" time="0.012"/>
</testsuite> <!-- firefoxTest -->
